<?xml version="1.0" encoding="UTF-8"?>
<coverage generated="1750180675816" clover="3.2.0">
  <project timestamp="1750180675816" name="All files">
    <metrics statements="14" coveredstatements="11" conditionals="54" coveredconditionals="42" methods="2" coveredmethods="2" elements="70" coveredelements="55" complexity="0" loc="14" ncloc="14" packages="1" files="1" classes="1"/>
    <file name="Button.tsx" path="/Users/aminetabou/Work/togetha/src/shared/components/Button.tsx">
      <metrics statements="14" coveredstatements="11" conditionals="54" coveredconditionals="42" methods="2" coveredmethods="2"/>
      <line num="21" count="1" type="stmt"/>
      <line num="33" count="15" type="stmt"/>
      <line num="39" count="15" type="stmt"/>
      <line num="45" count="15" type="stmt"/>
      <line num="51" count="15" type="stmt"/>
      <line num="52" count="15" type="cond" truecount="2" falsecount="3"/>
      <line num="54" count="14" type="stmt"/>
      <line num="61" count="1" type="stmt"/>
      <line num="68" count="0" type="stmt"/>
      <line num="75" count="0" type="stmt"/>
      <line num="82" count="0" type="stmt"/>
      <line num="91" count="15" type="stmt"/>
      <line num="92" count="15" type="cond" truecount="2" falsecount="0"/>
      <line num="94" count="15" type="stmt"/>
    </file>
  </project>
</coverage>
