{"/Users/aminetabou/Work/togetha/src/shared/components/Button.tsx": {"path":"/Users/aminetabou/Work/togetha/src/shared/components/Button.tsx","statementMap":{"0":{"start":{"line":21,"column":38},"end":{"line":148,"column":1}},"1":{"start":{"line":33,"column":22},"end":{"line":37,"column":3}},"2":{"start":{"line":39,"column":20},"end":{"line":43,"column":3}},"3":{"start":{"line":45,"column":20},"end":{"line":49,"column":3}},"4":{"start":{"line":51,"column":27},"end":{"line":89,"column":3}},"5":{"start":{"line":52,"column":4},"end":{"line":88,"column":5}},"6":{"start":{"line":54,"column":8},"end":{"line":59,"column":10}},"7":{"start":{"line":61,"column":8},"end":{"line":66,"column":10}},"8":{"start":{"line":68,"column":8},"end":{"line":73,"column":10}},"9":{"start":{"line":75,"column":8},"end":{"line":80,"column":10}},"10":{"start":{"line":82,"column":8},"end":{"line":87,"column":10}},"11":{"start":{"line":91,"column":17},"end":{"line":91,"column":35}},"12":{"start":{"line":92,"column":21},"end":{"line":92,"column":40}},"13":{"start":{"line":94,"column":2},"end":{"line":147,"column":4}}},"fnMap":{"0":{"name":"(anonymous_0)","decl":{"start":{"line":21,"column":38},"end":{"line":21,"column":39}},"loc":{"start":{"line":32,"column":6},"end":{"line":148,"column":1}},"line":32},"1":{"name":"(anonymous_1)","decl":{"start":{"line":51,"column":27},"end":{"line":51,"column":28}},"loc":{"start":{"line":51,"column":33},"end":{"line":89,"column":3}},"line":51}},"branchMap":{"0":{"loc":{"start":{"line":24,"column":2},"end":{"line":24,"column":21}},"type":"default-arg","locations":[{"start":{"line":24,"column":12},"end":{"line":24,"column":21}}],"line":24},"1":{"loc":{"start":{"line":25,"column":2},"end":{"line":25,"column":13}},"type":"default-arg","locations":[{"start":{"line":25,"column":9},"end":{"line":25,"column":13}}],"line":25},"2":{"loc":{"start":{"line":26,"column":2},"end":{"line":26,"column":18}},"type":"default-arg","locations":[{"start":{"line":26,"column":13},"end":{"line":26,"column":18}}],"line":26},"3":{"loc":{"start":{"line":27,"column":2},"end":{"line":27,"column":17}},"type":"default-arg","locations":[{"start":{"line":27,"column":12},"end":{"line":27,"column":17}}],"line":27},"4":{"loc":{"start":{"line":29,"column":2},"end":{"line":29,"column":23}},"type":"default-arg","locations":[{"start":{"line":29,"column":17},"end":{"line":29,"column":23}}],"line":29},"5":{"loc":{"start":{"line":30,"column":2},"end":{"line":30,"column":19}},"type":"default-arg","locations":[{"start":{"line":30,"column":14},"end":{"line":30,"column":19}}],"line":30},"6":{"loc":{"start":{"line":52,"column":4},"end":{"line":88,"column":5}},"type":"switch","locations":[{"start":{"line":53,"column":6},"end":{"line":59,"column":10}},{"start":{"line":60,"column":6},"end":{"line":66,"column":10}},{"start":{"line":67,"column":6},"end":{"line":73,"column":10}},{"start":{"line":74,"column":6},"end":{"line":80,"column":10}},{"start":{"line":81,"column":6},"end":{"line":87,"column":10}}],"line":52},"7":{"loc":{"start":{"line":92,"column":21},"end":{"line":92,"column":40}},"type":"binary-expr","locations":[{"start":{"line":92,"column":21},"end":{"line":92,"column":29}},{"start":{"line":92,"column":33},"end":{"line":92,"column":40}}],"line":92},"8":{"loc":{"start":{"line":103,"column":10},"end":{"line":103,"column":45}},"type":"cond-expr","locations":[{"start":{"line":103,"column":22},"end":{"line":103,"column":30}},{"start":{"line":103,"column":33},"end":{"line":103,"column":45}}],"line":103},"9":{"loc":{"start":{"line":104,"column":10},"end":{"line":104,"column":66}},"type":"cond-expr","locations":[{"start":{"line":104,"column":23},"end":{"line":104,"column":47}},{"start":{"line":104,"column":50},"end":{"line":104,"column":66}}],"line":104},"10":{"loc":{"start":{"line":105,"column":10},"end":{"line":105,"column":40}},"type":"cond-expr","locations":[{"start":{"line":105,"column":23},"end":{"line":105,"column":35}},{"start":{"line":105,"column":38},"end":{"line":105,"column":40}}],"line":105},"11":{"loc":{"start":{"line":110,"column":7},"end":{"line":117,"column":7}},"type":"binary-expr","locations":[{"start":{"line":110,"column":7},"end":{"line":110,"column":11}},{"start":{"line":110,"column":15},"end":{"line":110,"column":38}},{"start":{"line":110,"column":42},"end":{"line":110,"column":50}},{"start":{"line":111,"column":8},"end":{"line":116,"column":10}}],"line":110},"12":{"loc":{"start":{"line":114,"column":17},"end":{"line":114,"column":85}},"type":"cond-expr","locations":[{"start":{"line":114,"column":64},"end":{"line":114,"column":73}},{"start":{"line":114,"column":76},"end":{"line":114,"column":85}}],"line":114},"13":{"loc":{"start":{"line":114,"column":17},"end":{"line":114,"column":61}},"type":"binary-expr","locations":[{"start":{"line":114,"column":17},"end":{"line":114,"column":38}},{"start":{"line":114,"column":42},"end":{"line":114,"column":61}}],"line":114},"14":{"loc":{"start":{"line":119,"column":7},"end":{"line":126,"column":7}},"type":"binary-expr","locations":[{"start":{"line":119,"column":7},"end":{"line":119,"column":14}},{"start":{"line":120,"column":8},"end":{"line":125,"column":10}}],"line":119},"15":{"loc":{"start":{"line":123,"column":17},"end":{"line":123,"column":85}},"type":"cond-expr","locations":[{"start":{"line":123,"column":64},"end":{"line":123,"column":73}},{"start":{"line":123,"column":76},"end":{"line":123,"column":85}}],"line":123},"16":{"loc":{"start":{"line":123,"column":17},"end":{"line":123,"column":61}},"type":"binary-expr","locations":[{"start":{"line":123,"column":17},"end":{"line":123,"column":38}},{"start":{"line":123,"column":42},"end":{"line":123,"column":61}}],"line":123},"17":{"loc":{"start":{"line":131,"column":12},"end":{"line":131,"column":58}},"type":"cond-expr","locations":[{"start":{"line":131,"column":25},"end":{"line":131,"column":44}},{"start":{"line":131,"column":47},"end":{"line":131,"column":58}}],"line":131},"18":{"loc":{"start":{"line":132,"column":12},"end":{"line":132,"column":70}},"type":"cond-expr","locations":[{"start":{"line":132,"column":59},"end":{"line":132,"column":65}},{"start":{"line":132,"column":68},"end":{"line":132,"column":70}}],"line":132},"19":{"loc":{"start":{"line":132,"column":12},"end":{"line":132,"column":56}},"type":"binary-expr","locations":[{"start":{"line":132,"column":13},"end":{"line":132,"column":17}},{"start":{"line":132,"column":21},"end":{"line":132,"column":44}},{"start":{"line":132,"column":49},"end":{"line":132,"column":56}}],"line":132},"20":{"loc":{"start":{"line":133,"column":12},"end":{"line":133,"column":58}},"type":"cond-expr","locations":[{"start":{"line":133,"column":47},"end":{"line":133,"column":53}},{"start":{"line":133,"column":56},"end":{"line":133,"column":58}}],"line":133},"21":{"loc":{"start":{"line":133,"column":12},"end":{"line":133,"column":44}},"type":"binary-expr","locations":[{"start":{"line":133,"column":12},"end":{"line":133,"column":16}},{"start":{"line":133,"column":20},"end":{"line":133,"column":44}}],"line":133},"22":{"loc":{"start":{"line":135,"column":9},"end":{"line":135,"column":39}},"type":"cond-expr","locations":[{"start":{"line":135,"column":19},"end":{"line":135,"column":31}},{"start":{"line":135,"column":34},"end":{"line":135,"column":39}}],"line":135},"23":{"loc":{"start":{"line":138,"column":7},"end":{"line":145,"column":7}},"type":"binary-expr","locations":[{"start":{"line":138,"column":7},"end":{"line":138,"column":11}},{"start":{"line":138,"column":15},"end":{"line":138,"column":39}},{"start":{"line":138,"column":43},"end":{"line":138,"column":51}},{"start":{"line":139,"column":8},"end":{"line":144,"column":10}}],"line":138},"24":{"loc":{"start":{"line":142,"column":17},"end":{"line":142,"column":85}},"type":"cond-expr","locations":[{"start":{"line":142,"column":64},"end":{"line":142,"column":73}},{"start":{"line":142,"column":76},"end":{"line":142,"column":85}}],"line":142},"25":{"loc":{"start":{"line":142,"column":17},"end":{"line":142,"column":61}},"type":"binary-expr","locations":[{"start":{"line":142,"column":17},"end":{"line":142,"column":38}},{"start":{"line":142,"column":42},"end":{"line":142,"column":61}}],"line":142}},"s":{"0":1,"1":15,"2":15,"3":15,"4":15,"5":15,"6":14,"7":1,"8":0,"9":0,"10":0,"11":15,"12":15,"13":15},"f":{"0":15,"1":15},"b":{"0":[13],"1":[13],"2":[13],"3":[13],"4":[15],"5":[14],"6":[14,1,0,0,0],"7":[15,13],"8":[1,14],"9":[4,11],"10":[4,11],"11":[15,2,2,2],"12":[0,2],"13":[2,2],"14":[15,2],"15":[0,2],"16":[2,2],"17":[4,11],"18":[4,11],"19":[15,2,13],"20":[0,15],"21":[15,2],"22":[2,13],"23":[15,2,0,0],"24":[0,0],"25":[0,0]},"_coverageSchema":"1a1c01bbd47fc00a2c39e90264f33305004495a9","hash":"74639a09bfe3fd3d85f26df7793bef6ac949fb78"}
}
