TN:
SF:src/shared/components/Button.tsx
FN:21,(anonymous_0)
FN:51,(anonymous_1)
FNF:2
FNH:2
FNDA:15,(anonymous_0)
FNDA:15,(anonymous_1)
DA:21,1
DA:33,15
DA:39,15
DA:45,15
DA:51,15
DA:52,15
DA:54,14
DA:61,1
DA:68,0
DA:75,0
DA:82,0
DA:91,15
DA:92,15
DA:94,15
LF:14
LH:11
BRDA:24,0,0,13
BRDA:25,1,0,13
BRDA:26,2,0,13
BRDA:27,3,0,13
BRDA:29,4,0,15
BRDA:30,5,0,14
BRDA:52,6,0,14
BRDA:52,6,1,1
BRDA:52,6,2,0
BRDA:52,6,3,0
BRDA:52,6,4,0
BRDA:92,7,0,15
BRDA:92,7,1,13
BRDA:103,8,0,1
BRDA:103,8,1,14
BRDA:104,9,0,4
BRDA:104,9,1,11
BRDA:105,10,0,4
BRDA:105,10,1,11
BRDA:110,11,0,15
BRDA:110,11,1,2
BRDA:110,11,2,2
BRDA:110,11,3,2
BRDA:114,12,0,0
BRDA:114,12,1,2
BRDA:114,13,0,2
BRDA:114,13,1,2
BRDA:119,14,0,15
BRDA:119,14,1,2
BRDA:123,15,0,0
BRDA:123,15,1,2
BRDA:123,16,0,2
BRDA:123,16,1,2
BRDA:131,17,0,4
BRDA:131,17,1,11
BRDA:132,18,0,4
BRDA:132,18,1,11
BRDA:132,19,0,15
BRDA:132,19,1,2
BRDA:132,19,2,13
BRDA:133,20,0,0
BRDA:133,20,1,15
BRDA:133,21,0,15
BRDA:133,21,1,2
BRDA:135,22,0,2
BRDA:135,22,1,13
BRDA:138,23,0,15
BRDA:138,23,1,2
BRDA:138,23,2,0
BRDA:138,23,3,0
BRDA:142,24,0,0
BRDA:142,24,1,0
BRDA:142,25,0,0
BRDA:142,25,1,0
BRF:54
BRH:42
end_of_record
